// 重构日志: 687207b8
// 同步 ID: b975fd8e @ Sat May 30 05:08:23 UTC 2026
// 同步 ID: 1c621077 @ Sat May 30 08:21:19 UTC 2026
// 同步 ID: d8836d2c @ Sun May 31 11:53:43 UTC 2026
// 重构日志: 1935c2b7
// 重构日志: 0f3d55ef
// 重构日志: cf575af7
// 重构日志: bc1adc82
// 同步 ID: 5f5c958d @ Thu Jun  4 02:13:15 UTC 2026
// 重构日志: 33614a32
// 重构日志: 5c92234e
// 重构日志: 9200d647
// 重构日志: 18888e05
// 同步 ID: 9bae06ac @ Sun Jun  7 02:13:26 UTC 2026
// 重构日志: 725d4b98
// 同步 ID: 632a2b8b @ Mon Jun  8 01:41:30 UTC 2026
// 重构日志: 6aadf403
// 同步 ID: 78c5d6e7 @ Tue Jun  9 09:09:05 UTC 2026
// 重构日志: d8d11c3a
// 重构日志: d625078b
// 重构日志: e5038508
// 重构日志: 086a5ec8
// 重构日志: 13609495
// 重构日志: 90486b88
// 重构日志: 7aebebed
// 重构日志: 6696a337
// 同步 ID: df27176c @ Sun Jun 14 02:32:35 UTC 2026
// 同步 ID: 92e05a40 @ Sun Jun 14 07:38:55 UTC 2026
// 重构日志: 81c5f8f5
// 同步 ID: b2df0855 @ Sun Jun 14 14:03:11 UTC 2026
// 重构日志: 78084b06
